app/build/intermediates/manifest_merge_blame_file/debug/manifest-merger-blame-debug-report.txt
1<?xml version="1.0" encoding="utf-8"?>
2<manifest xmlns:android="http://schemas.android.com/apk/res/android"
3    package="com.example.services_novigrad"
4    android:versionCode="1"
5    android:versionName="1.0" >
6
7    <uses-sdk
8        android:minSdkVersion="26"
9        android:targetSdkVersion="34" />
10
11    <uses-permission android:name="android.permission.INTERNET" />
11-->src\main\AndroidManifest.xml:5:5-67
11-->src\main\AndroidManifest.xml:5:22-64
12    <uses-permission android:name="android.permission.ACCESS_NETWORK_STATE" />
12-->[com.google.firebase:firebase-auth:22.2.0] AndroidManifest.xml:26:5-79
12-->[com.google.firebase:firebase-auth:22.2.0] AndroidManifest.xml:26:22-76
13
14    <permission
14-->[androidx.core:core:1.9.0] AndroidManifest.xml:22:5-24:47
15        android:name="com.example.services_novigrad.DYNAMIC_RECEIVER_NOT_EXPORTED_PERMISSION"
15-->[androidx.core:core:1.9.0] AndroidManifest.xml:23:9-81
16        android:protectionLevel="signature" />
16-->[androidx.core:core:1.9.0] AndroidManifest.xml:24:9-44
17
18    <uses-permission android:name="com.example.services_novigrad.DYNAMIC_RECEIVER_NOT_EXPORTED_PERMISSION" />
18-->[androidx.core:core:1.9.0] AndroidManifest.xml:26:5-97
18-->[androidx.core:core:1.9.0] AndroidManifest.xml:26:22-94
19
20    <application
20-->src\main\AndroidManifest.xml:7:5-95:19
21        android:allowBackup="true"
21-->src\main\AndroidManifest.xml:8:9-35
22        android:appComponentFactory="androidx.core.app.CoreComponentFactory"
22-->[androidx.core:core:1.9.0] AndroidManifest.xml:28:18-86
23        android:dataExtractionRules="@xml/data_extraction_rules"
23-->src\main\AndroidManifest.xml:9:9-65
24        android:debuggable="true"
25        android:extractNativeLibs="false"
26        android:fullBackupContent="@xml/backup_rules"
26-->src\main\AndroidManifest.xml:10:9-54
27        android:icon="@mipmap/ic_launcher"
27-->src\main\AndroidManifest.xml:11:9-43
28        android:label="@string/app_name"
28-->src\main\AndroidManifest.xml:12:9-41
29        android:roundIcon="@mipmap/ic_launcher_round"
29-->src\main\AndroidManifest.xml:13:9-54
30        android:supportsRtl="true"
30-->src\main\AndroidManifest.xml:14:9-35
31        android:testOnly="true"
32        android:theme="@style/Theme.ServicesNovigrad" >
32-->src\main\AndroidManifest.xml:15:9-54
33        <activity
33-->src\main\AndroidManifest.xml:17:9-19:40
34            android:name="com.example.services_novigrad.ViewRequest"
34-->src\main\AndroidManifest.xml:18:13-40
35            android:exported="false" />
35-->src\main\AndroidManifest.xml:19:13-37
36        <activity
36-->src\main\AndroidManifest.xml:20:9-22:40
37            android:name="com.example.services_novigrad.SuccursaleInfo"
37-->src\main\AndroidManifest.xml:21:13-43
38            android:exported="false" />
38-->src\main\AndroidManifest.xml:22:13-37
39        <activity
39-->src\main\AndroidManifest.xml:23:9-25:40
40            android:name="com.example.services_novigrad.RequestForm"
40-->src\main\AndroidManifest.xml:24:13-40
41            android:exported="false" />
41-->src\main\AndroidManifest.xml:25:13-37
42        <activity
42-->src\main\AndroidManifest.xml:26:9-28:40
43            android:name="com.example.services_novigrad.SuccursaleInf"
43-->src\main\AndroidManifest.xml:27:13-42
44            android:exported="false" />
44-->src\main\AndroidManifest.xml:28:13-37
45        <activity
45-->src\main\AndroidManifest.xml:29:9-31:40
46            android:name="com.example.services_novigrad.ClientViewSuccursalePage"
46-->src\main\AndroidManifest.xml:30:13-53
47            android:exported="false" />
47-->src\main\AndroidManifest.xml:31:13-37
48        <activity
48-->src\main\AndroidManifest.xml:32:9-34:40
49            android:name="com.example.services_novigrad.ClientPage"
49-->src\main\AndroidManifest.xml:33:13-39
50            android:exported="false" />
50-->src\main\AndroidManifest.xml:34:13-37
51        <activity
51-->src\main\AndroidManifest.xml:35:9-37:40
52            android:name="com.example.services_novigrad.Admin.UserList"
52-->src\main\AndroidManifest.xml:36:13-43
53            android:exported="false" />
53-->src\main\AndroidManifest.xml:37:13-37
54        <activity
54-->src\main\AndroidManifest.xml:38:9-40:40
55            android:name="com.example.services_novigrad.Admin.UsersPage"
55-->src\main\AndroidManifest.xml:39:13-44
56            android:exported="false" />
56-->src\main\AndroidManifest.xml:40:13-37
57        <activity
57-->src\main\AndroidManifest.xml:41:9-43:40
58            android:name="com.example.services_novigrad.Employee.NewEmployeePageError"
58-->src\main\AndroidManifest.xml:42:13-58
59            android:exported="false" />
59-->src\main\AndroidManifest.xml:43:13-37
60        <activity
60-->src\main\AndroidManifest.xml:44:9-46:40
61            android:name="com.example.services_novigrad.Employee.AddServicePage"
61-->src\main\AndroidManifest.xml:45:13-52
62            android:exported="false" />
62-->src\main\AndroidManifest.xml:46:13-37
63        <activity
63-->src\main\AndroidManifest.xml:47:9-49:40
64            android:name="com.example.services_novigrad.Employee.BranchEditPage"
64-->src\main\AndroidManifest.xml:48:13-52
65            android:exported="false" />
65-->src\main\AndroidManifest.xml:49:13-37
66        <activity
66-->src\main\AndroidManifest.xml:50:9-52:40
67            android:name="com.example.services_novigrad.Pop_Up_EditPage"
67-->src\main\AndroidManifest.xml:51:13-44
68            android:exported="false" />
68-->src\main\AndroidManifest.xml:52:13-37
69        <activity
69-->src\main\AndroidManifest.xml:53:9-55:40
70            android:name="com.example.services_novigrad.Services.NewServicesActivity"
70-->src\main\AndroidManifest.xml:54:13-57
71            android:exported="false" />
71-->src\main\AndroidManifest.xml:55:13-37
72        <activity
72-->src\main\AndroidManifest.xml:56:9-58:40
73            android:name="com.example.services_novigrad.Services.ServiceList"
73-->src\main\AndroidManifest.xml:57:13-49
74            android:exported="false" />
74-->src\main\AndroidManifest.xml:58:13-37
75        <activity
75-->src\main\AndroidManifest.xml:59:9-61:40
76            android:name="com.example.services_novigrad.Employee.WorkingHours"
76-->src\main\AndroidManifest.xml:60:13-50
77            android:exported="false" />
77-->src\main\AndroidManifest.xml:61:13-37
78        <activity
78-->src\main\AndroidManifest.xml:62:9-64:40
79            android:name="com.example.services_novigrad.Employee.MainBranchPage"
79-->src\main\AndroidManifest.xml:63:13-52
80            android:exported="false" />
80-->src\main\AndroidManifest.xml:64:13-37
81        <activity
81-->src\main\AndroidManifest.xml:65:9-67:40
82            android:name="com.example.services_novigrad.Services.ServicesPage"
82-->src\main\AndroidManifest.xml:66:13-50
83            android:exported="false" />
83-->src\main\AndroidManifest.xml:67:13-37
84        <activity
84-->src\main\AndroidManifest.xml:68:9-70:40
85            android:name="com.example.services_novigrad.Admin.AdminPage"
85-->src\main\AndroidManifest.xml:69:13-44
86            android:exported="false" />
86-->src\main\AndroidManifest.xml:70:13-37
87        <activity
87-->src\main\AndroidManifest.xml:71:9-73:40
88            android:name="com.example.services_novigrad.WelcomePage"
88-->src\main\AndroidManifest.xml:72:13-40
89            android:exported="false" />
89-->src\main\AndroidManifest.xml:73:13-37
90        <activity
90-->src\main\AndroidManifest.xml:74:9-76:40
91            android:name="com.example.services_novigrad.SignUpActivity"
91-->src\main\AndroidManifest.xml:75:13-43
92            android:exported="false" />
92-->src\main\AndroidManifest.xml:76:13-37
93        <activity
93-->src\main\AndroidManifest.xml:77:9-79:40
94            android:name="com.example.services_novigrad.AddServicesPage"
94-->src\main\AndroidManifest.xml:78:13-44
95            android:exported="false" />
95-->src\main\AndroidManifest.xml:79:13-37
96        <activity
96-->src\main\AndroidManifest.xml:80:9-82:40
97            android:name="com.example.services_novigrad.DeleteServicesPage"
97-->src\main\AndroidManifest.xml:81:13-47
98            android:exported="false" />
98-->src\main\AndroidManifest.xml:82:13-37
99        <activity
99-->src\main\AndroidManifest.xml:83:9-85:40
100            android:name="com.example.services_novigrad.EditServicesPage"
100-->src\main\AndroidManifest.xml:84:13-45
101            android:exported="false" />
101-->src\main\AndroidManifest.xml:85:13-37
102        <activity
102-->src\main\AndroidManifest.xml:86:9-94:20
103            android:name="com.example.services_novigrad.Login"
103-->src\main\AndroidManifest.xml:87:13-34
104            android:exported="true" >
104-->src\main\AndroidManifest.xml:88:13-36
105            <intent-filter>
105-->src\main\AndroidManifest.xml:89:13-93:29
106                <action android:name="android.intent.action.MAIN" />
106-->src\main\AndroidManifest.xml:90:17-69
106-->src\main\AndroidManifest.xml:90:25-66
107
108                <category android:name="android.intent.category.LAUNCHER" />
108-->src\main\AndroidManifest.xml:92:17-77
108-->src\main\AndroidManifest.xml:92:27-74
109            </intent-filter>
110        </activity>
111        <activity
111-->[com.google.firebase:firebase-auth:22.2.0] AndroidManifest.xml:29:9-46:20
112            android:name="com.google.firebase.auth.internal.GenericIdpActivity"
112-->[com.google.firebase:firebase-auth:22.2.0] AndroidManifest.xml:30:13-80
113            android:excludeFromRecents="true"
113-->[com.google.firebase:firebase-auth:22.2.0] AndroidManifest.xml:31:13-46
114            android:exported="true"
114-->[com.google.firebase:firebase-auth:22.2.0] AndroidManifest.xml:32:13-36
115            android:launchMode="singleTask"
115-->[com.google.firebase:firebase-auth:22.2.0] AndroidManifest.xml:33:13-44
116            android:theme="@android:style/Theme.Translucent.NoTitleBar" >
116-->[com.google.firebase:firebase-auth:22.2.0] AndroidManifest.xml:34:13-72
117            <intent-filter>
117-->[com.google.firebase:firebase-auth:22.2.0] AndroidManifest.xml:35:13-45:29
118                <action android:name="android.intent.action.VIEW" />
118-->[com.google.firebase:firebase-auth:22.2.0] AndroidManifest.xml:36:17-69
118-->[com.google.firebase:firebase-auth:22.2.0] AndroidManifest.xml:36:25-66
119
120                <category android:name="android.intent.category.DEFAULT" />
120-->[com.google.firebase:firebase-auth:22.2.0] AndroidManifest.xml:38:17-76
120-->[com.google.firebase:firebase-auth:22.2.0] AndroidManifest.xml:38:27-73
121                <category android:name="android.intent.category.BROWSABLE" />
121-->[com.google.firebase:firebase-auth:22.2.0] AndroidManifest.xml:39:17-78
121-->[com.google.firebase:firebase-auth:22.2.0] AndroidManifest.xml:39:27-75
122
123                <data
123-->[com.google.firebase:firebase-auth:22.2.0] AndroidManifest.xml:41:17-44:51
124                    android:host="firebase.auth"
124-->[com.google.firebase:firebase-auth:22.2.0] AndroidManifest.xml:42:21-49
125                    android:path="/"
125-->[com.google.firebase:firebase-auth:22.2.0] AndroidManifest.xml:43:21-37
126                    android:scheme="genericidp" />
126-->[com.google.firebase:firebase-auth:22.2.0] AndroidManifest.xml:44:21-48
127            </intent-filter>
128        </activity>
129        <activity
129-->[com.google.firebase:firebase-auth:22.2.0] AndroidManifest.xml:47:9-64:20
130            android:name="com.google.firebase.auth.internal.RecaptchaActivity"
130-->[com.google.firebase:firebase-auth:22.2.0] AndroidManifest.xml:48:13-79
131            android:excludeFromRecents="true"
131-->[com.google.firebase:firebase-auth:22.2.0] AndroidManifest.xml:49:13-46
132            android:exported="true"
132-->[com.google.firebase:firebase-auth:22.2.0] AndroidManifest.xml:50:13-36
133            android:launchMode="singleTask"
133-->[com.google.firebase:firebase-auth:22.2.0] AndroidManifest.xml:51:13-44
134            android:theme="@android:style/Theme.Translucent.NoTitleBar" >
134-->[com.google.firebase:firebase-auth:22.2.0] AndroidManifest.xml:52:13-72
135            <intent-filter>
135-->[com.google.firebase:firebase-auth:22.2.0] AndroidManifest.xml:53:13-63:29
136                <action android:name="android.intent.action.VIEW" />
136-->[com.google.firebase:firebase-auth:22.2.0] AndroidManifest.xml:36:17-69
136-->[com.google.firebase:firebase-auth:22.2.0] AndroidManifest.xml:36:25-66
137
138                <category android:name="android.intent.category.DEFAULT" />
138-->[com.google.firebase:firebase-auth:22.2.0] AndroidManifest.xml:38:17-76
138-->[com.google.firebase:firebase-auth:22.2.0] AndroidManifest.xml:38:27-73
139                <category android:name="android.intent.category.BROWSABLE" />
139-->[com.google.firebase:firebase-auth:22.2.0] AndroidManifest.xml:39:17-78
139-->[com.google.firebase:firebase-auth:22.2.0] AndroidManifest.xml:39:27-75
140
141                <data
141-->[com.google.firebase:firebase-auth:22.2.0] AndroidManifest.xml:41:17-44:51
142                    android:host="firebase.auth"
142-->[com.google.firebase:firebase-auth:22.2.0] AndroidManifest.xml:42:21-49
143                    android:path="/"
143-->[com.google.firebase:firebase-auth:22.2.0] AndroidManifest.xml:43:21-37
144                    android:scheme="recaptcha" />
144-->[com.google.firebase:firebase-auth:22.2.0] AndroidManifest.xml:44:21-48
145            </intent-filter>
146        </activity>
147
148        <service
148-->[com.google.firebase:firebase-auth:22.2.0] AndroidManifest.xml:66:9-72:19
149            android:name="com.google.firebase.components.ComponentDiscoveryService"
149-->[com.google.firebase:firebase-auth:22.2.0] AndroidManifest.xml:67:13-84
150            android:directBootAware="true"
150-->[com.google.firebase:firebase-common:20.4.2] AndroidManifest.xml:32:13-43
151            android:exported="false" >
151-->[com.google.firebase:firebase-auth:22.2.0] AndroidManifest.xml:68:13-37
152            <meta-data
152-->[com.google.firebase:firebase-auth:22.2.0] AndroidManifest.xml:69:13-71:85
153                android:name="com.google.firebase.components:com.google.firebase.auth.FirebaseAuthRegistrar"
153-->[com.google.firebase:firebase-auth:22.2.0] AndroidManifest.xml:70:17-109
154                android:value="com.google.firebase.components.ComponentRegistrar" />
154-->[com.google.firebase:firebase-auth:22.2.0] AndroidManifest.xml:71:17-82
155            <meta-data
155-->[com.google.firebase:firebase-firestore:24.9.1] AndroidManifest.xml:17:13-19:85
156                android:name="com.google.firebase.components:com.google.firebase.firestore.FirebaseFirestoreKtxRegistrar"
156-->[com.google.firebase:firebase-firestore:24.9.1] AndroidManifest.xml:18:17-122
157                android:value="com.google.firebase.components.ComponentRegistrar" />
157-->[com.google.firebase:firebase-firestore:24.9.1] AndroidManifest.xml:19:17-82
158            <meta-data
158-->[com.google.firebase:firebase-firestore:24.9.1] AndroidManifest.xml:20:13-22:85
159                android:name="com.google.firebase.components:com.google.firebase.firestore.FirestoreRegistrar"
159-->[com.google.firebase:firebase-firestore:24.9.1] AndroidManifest.xml:21:17-111
160                android:value="com.google.firebase.components.ComponentRegistrar" />
160-->[com.google.firebase:firebase-firestore:24.9.1] AndroidManifest.xml:22:17-82
161            <meta-data
161-->[com.google.firebase:firebase-database:20.3.0] AndroidManifest.xml:29:13-31:85
162                android:name="com.google.firebase.components:com.google.firebase.database.FirebaseDatabaseKtxRegistrar"
162-->[com.google.firebase:firebase-database:20.3.0] AndroidManifest.xml:30:17-120
163                android:value="com.google.firebase.components.ComponentRegistrar" />
163-->[com.google.firebase:firebase-database:20.3.0] AndroidManifest.xml:31:17-82
164            <meta-data
164-->[com.google.firebase:firebase-database:20.3.0] AndroidManifest.xml:32:13-34:85
165                android:name="com.google.firebase.components:com.google.firebase.database.DatabaseRegistrar"
165-->[com.google.firebase:firebase-database:20.3.0] AndroidManifest.xml:33:17-109
166                android:value="com.google.firebase.components.ComponentRegistrar" />
166-->[com.google.firebase:firebase-database:20.3.0] AndroidManifest.xml:34:17-82
167            <meta-data
167-->[com.google.firebase:firebase-common-ktx:20.4.2] AndroidManifest.xml:12:13-14:85
168                android:name="com.google.firebase.components:com.google.firebase.ktx.FirebaseCommonLegacyRegistrar"
168-->[com.google.firebase:firebase-common-ktx:20.4.2] AndroidManifest.xml:13:17-116
169                android:value="com.google.firebase.components.ComponentRegistrar" />
169-->[com.google.firebase:firebase-common-ktx:20.4.2] AndroidManifest.xml:14:17-82
170            <meta-data
170-->[com.google.firebase:firebase-common:20.4.2] AndroidManifest.xml:35:13-37:85
171                android:name="com.google.firebase.components:com.google.firebase.FirebaseCommonKtxRegistrar"
171-->[com.google.firebase:firebase-common:20.4.2] AndroidManifest.xml:36:17-109
172                android:value="com.google.firebase.components.ComponentRegistrar" />
172-->[com.google.firebase:firebase-common:20.4.2] AndroidManifest.xml:37:17-82
173        </service>
174
175        <provider
175-->[com.google.firebase:firebase-common:20.4.2] AndroidManifest.xml:23:9-28:39
176            android:name="com.google.firebase.provider.FirebaseInitProvider"
176-->[com.google.firebase:firebase-common:20.4.2] AndroidManifest.xml:24:13-77
177            android:authorities="com.example.services_novigrad.firebaseinitprovider"
177-->[com.google.firebase:firebase-common:20.4.2] AndroidManifest.xml:25:13-72
178            android:directBootAware="true"
178-->[com.google.firebase:firebase-common:20.4.2] AndroidManifest.xml:26:13-43
179            android:exported="false"
179-->[com.google.firebase:firebase-common:20.4.2] AndroidManifest.xml:27:13-37
180            android:initOrder="100" />
180-->[com.google.firebase:firebase-common:20.4.2] AndroidManifest.xml:28:13-36
181
182        <activity
182-->[com.google.android.gms:play-services-base:18.1.0] AndroidManifest.xml:20:9-22:45
183            android:name="com.google.android.gms.common.api.GoogleApiActivity"
183-->[com.google.android.gms:play-services-base:18.1.0] AndroidManifest.xml:20:19-85
184            android:exported="false"
184-->[com.google.android.gms:play-services-base:18.1.0] AndroidManifest.xml:22:19-43
185            android:theme="@android:style/Theme.Translucent.NoTitleBar" />
185-->[com.google.android.gms:play-services-base:18.1.0] AndroidManifest.xml:21:19-78
186
187        <provider
187-->[androidx.emoji2:emoji2:1.2.0] AndroidManifest.xml:24:9-32:20
188            android:name="androidx.startup.InitializationProvider"
188-->[androidx.emoji2:emoji2:1.2.0] AndroidManifest.xml:25:13-67
189            android:authorities="com.example.services_novigrad.androidx-startup"
189-->[androidx.emoji2:emoji2:1.2.0] AndroidManifest.xml:26:13-68
190            android:exported="false" >
190-->[androidx.emoji2:emoji2:1.2.0] AndroidManifest.xml:27:13-37
191            <meta-data
191-->[androidx.emoji2:emoji2:1.2.0] AndroidManifest.xml:29:13-31:52
192                android:name="androidx.emoji2.text.EmojiCompatInitializer"
192-->[androidx.emoji2:emoji2:1.2.0] AndroidManifest.xml:30:17-75
193                android:value="androidx.startup" />
193-->[androidx.emoji2:emoji2:1.2.0] AndroidManifest.xml:31:17-49
194            <meta-data
194-->[androidx.lifecycle:lifecycle-process:2.6.1] AndroidManifest.xml:29:13-31:52
195                android:name="androidx.lifecycle.ProcessLifecycleInitializer"
195-->[androidx.lifecycle:lifecycle-process:2.6.1] AndroidManifest.xml:30:17-78
196                android:value="androidx.startup" />
196-->[androidx.lifecycle:lifecycle-process:2.6.1] AndroidManifest.xml:31:17-49
197            <meta-data
197-->[androidx.profileinstaller:profileinstaller:1.3.0] AndroidManifest.xml:29:13-31:52
198                android:name="androidx.profileinstaller.ProfileInstallerInitializer"
198-->[androidx.profileinstaller:profileinstaller:1.3.0] AndroidManifest.xml:30:17-85
199                android:value="androidx.startup" />
199-->[androidx.profileinstaller:profileinstaller:1.3.0] AndroidManifest.xml:31:17-49
200        </provider>
201
202        <meta-data
202-->[com.google.android.gms:play-services-basement:18.1.0] AndroidManifest.xml:21:9-23:69
203            android:name="com.google.android.gms.version"
203-->[com.google.android.gms:play-services-basement:18.1.0] AndroidManifest.xml:22:13-58
204            android:value="@integer/google_play_services_version" />
204-->[com.google.android.gms:play-services-basement:18.1.0] AndroidManifest.xml:23:13-66
205
206        <receiver
206-->[androidx.profileinstaller:profileinstaller:1.3.0] AndroidManifest.xml:34:9-52:20
207            android:name="androidx.profileinstaller.ProfileInstallReceiver"
207-->[androidx.profileinstaller:profileinstaller:1.3.0] AndroidManifest.xml:35:13-76
208            android:directBootAware="false"
208-->[androidx.profileinstaller:profileinstaller:1.3.0] AndroidManifest.xml:36:13-44
209            android:enabled="true"
209-->[androidx.profileinstaller:profileinstaller:1.3.0] AndroidManifest.xml:37:13-35
210            android:exported="true"
210-->[androidx.profileinstaller:profileinstaller:1.3.0] AndroidManifest.xml:38:13-36
211            android:permission="android.permission.DUMP" >
211-->[androidx.profileinstaller:profileinstaller:1.3.0] AndroidManifest.xml:39:13-57
212            <intent-filter>
212-->[androidx.profileinstaller:profileinstaller:1.3.0] AndroidManifest.xml:40:13-42:29
213                <action android:name="androidx.profileinstaller.action.INSTALL_PROFILE" />
213-->[androidx.profileinstaller:profileinstaller:1.3.0] AndroidManifest.xml:41:17-91
213-->[androidx.profileinstaller:profileinstaller:1.3.0] AndroidManifest.xml:41:25-88
214            </intent-filter>
215            <intent-filter>
215-->[androidx.profileinstaller:profileinstaller:1.3.0] AndroidManifest.xml:43:13-45:29
216                <action android:name="androidx.profileinstaller.action.SKIP_FILE" />
216-->[androidx.profileinstaller:profileinstaller:1.3.0] AndroidManifest.xml:44:17-85
216-->[androidx.profileinstaller:profileinstaller:1.3.0] AndroidManifest.xml:44:25-82
217            </intent-filter>
218            <intent-filter>
218-->[androidx.profileinstaller:profileinstaller:1.3.0] AndroidManifest.xml:46:13-48:29
219                <action android:name="androidx.profileinstaller.action.SAVE_PROFILE" />
219-->[androidx.profileinstaller:profileinstaller:1.3.0] AndroidManifest.xml:47:17-88
219-->[androidx.profileinstaller:profileinstaller:1.3.0] AndroidManifest.xml:47:25-85
220            </intent-filter>
221            <intent-filter>
221-->[androidx.profileinstaller:profileinstaller:1.3.0] AndroidManifest.xml:49:13-51:29
222                <action android:name="androidx.profileinstaller.action.BENCHMARK_OPERATION" />
222-->[androidx.profileinstaller:profileinstaller:1.3.0] AndroidManifest.xml:50:17-95
222-->[androidx.profileinstaller:profileinstaller:1.3.0] AndroidManifest.xml:50:25-92
223            </intent-filter>
224        </receiver>
225    </application>
226
227</manifest>